<?xml version="1.0" encoding="UTF-8"?>
<!-- Generated by org.testng.reporters.JUnitXMLReporter -->
<testsuite ignored="6" hostname="DESKTOP-DID8I9F" failures="0" tests="4" name="Test" time="0.137" errors="0" timestamp="2021-12-17T16:49:24 IST">
  <testcase classname="TestNG_Practice.DemoTest3" name="b" time="0.015"/>
  <testcase classname="TestNG_Practice.DemoTest3" name="f" time="0.002"/>
  <testcase classname="TestNG_Practice.DemoTest4" name="b" time="0.005"/>
  <testcase classname="TestNG_Practice.DemoTest4" name="d" time="0.007"/>
  <testcase classname="TestNG_Practice.DemoTest3" name="d" time="0.0">
    <ignored/>
  </testcase> <!-- d -->
  <testcase classname="TestNG_Practice.DemoTest3" name="c" time="0.0">
    <ignored/>
  </testcase> <!-- c -->
  <testcase classname="TestNG_Practice.DemoTest3" name="a" time="0.0">
    <ignored/>
  </testcase> <!-- a -->
  <testcase classname="TestNG_Practice.DemoTest4" name="c" time="0.0">
    <ignored/>
  </testcase> <!-- c -->
  <testcase classname="TestNG_Practice.DemoTest4" name="a" time="0.0">
    <ignored/>
  </testcase> <!-- a -->
  <testcase classname="TestNG_Practice.DemoTest4" name="e" time="0.0">
    <ignored/>
  </testcase> <!-- e -->
</testsuite> <!-- Test -->
